2021-11-03 00:59:40,052 INFO o.a.j.u.JMeterUtils: Setting Locale to en_EN
2021-11-03 00:59:40,118 INFO o.a.j.JMeter: Loading user properties from: /opt/apache-jmeter-5.4.1/bin/user.properties
2021-11-03 00:59:40,119 INFO o.a.j.JMeter: Loading system properties from: /opt/apache-jmeter-5.4.1/bin/system.properties
2021-11-03 00:59:40,133 INFO o.a.j.JMeter: Copyright (c) 1998-2021 The Apache Software Foundation
2021-11-03 00:59:40,133 INFO o.a.j.JMeter: Version 5.4.1
2021-11-03 00:59:40,133 INFO o.a.j.JMeter: java.version=14.0.2
2021-11-03 00:59:40,133 INFO o.a.j.JMeter: java.vm.name=Java HotSpot(TM) 64-Bit Server VM
2021-11-03 00:59:40,134 INFO o.a.j.JMeter: os.name=Linux
2021-11-03 00:59:40,134 INFO o.a.j.JMeter: os.arch=amd64
2021-11-03 00:59:40,134 INFO o.a.j.JMeter: os.version=5.4.0-89-generic
2021-11-03 00:59:40,134 INFO o.a.j.JMeter: file.encoding=UTF-8
2021-11-03 00:59:40,134 INFO o.a.j.JMeter: java.awt.headless=null
2021-11-03 00:59:40,134 INFO o.a.j.JMeter: Max memory     =8589934592
2021-11-03 00:59:40,135 INFO o.a.j.JMeter: Available Processors =8
2021-11-03 00:59:40,149 INFO o.a.j.JMeter: Default Locale=English (EN)
2021-11-03 00:59:40,149 INFO o.a.j.JMeter: JMeter  Locale=English (EN)
2021-11-03 00:59:40,149 INFO o.a.j.JMeter: JMeterHome=/opt/apache-jmeter-5.4.1
2021-11-03 00:59:40,149 INFO o.a.j.JMeter: user.dir  =/home/marcosborges/s9c_jmeter_terraform_loadtest_provisioner/examples/basic
2021-11-03 00:59:40,150 INFO o.a.j.JMeter: PWD       =/home/marcosborges/s9c_jmeter_terraform_loadtest_provisioner/examples/basic
2021-11-03 00:59:40,150 INFO o.a.j.JMeter: IP: 127.0.1.1 Name: marcosborges FullName: marcosborges
2021-11-03 00:59:40,613 INFO o.a.j.JMeter: Setting LAF to: com.github.weisj.darklaf.DarkLaf:com.github.weisj.darklaf.theme.DarculaTheme
2021-11-03 00:59:41,647 INFO o.a.j.JMeter: Loaded icon properties from org/apache/jmeter/images/icon.properties
2021-11-03 00:59:44,306 INFO o.a.j.JMeter: Loading file: ../plan/jmeter/basic.jmx
2021-11-03 00:59:44,311 INFO o.a.j.s.FileServer: Default base='/home/marcosborges/s9c_jmeter_terraform_loadtest_provisioner/examples/basic'
2021-11-03 00:59:44,312 INFO o.a.j.s.FileServer: Set new base='/home/marcosborges/s9c_jmeter_terraform_loadtest_provisioner/examples/basic/../plan/jmeter'
2021-11-03 00:59:44,545 INFO o.a.j.s.SaveService: Testplan (JMX) version: 2.2. Testlog (JTL) version: 2.2
2021-11-03 00:59:44,570 INFO o.a.j.s.SaveService: Using SaveService properties version 5.0
2021-11-03 00:59:44,572 INFO o.a.j.s.SaveService: Using SaveService properties file encoding UTF-8
2021-11-03 00:59:44,574 INFO o.a.j.s.SaveService: Loading file: ../plan/jmeter/basic.jmx
2021-11-03 00:59:44,600 INFO o.a.j.p.h.s.HTTPSamplerBase: Parser for text/html is org.apache.jmeter.protocol.http.parser.LagartoBasedHtmlParser
2021-11-03 00:59:44,600 INFO o.a.j.p.h.s.HTTPSamplerBase: Parser for application/xhtml+xml is org.apache.jmeter.protocol.http.parser.LagartoBasedHtmlParser
2021-11-03 00:59:44,601 INFO o.a.j.p.h.s.HTTPSamplerBase: Parser for application/xml is org.apache.jmeter.protocol.http.parser.LagartoBasedHtmlParser
2021-11-03 00:59:44,601 INFO o.a.j.p.h.s.HTTPSamplerBase: Parser for text/xml is org.apache.jmeter.protocol.http.parser.LagartoBasedHtmlParser
2021-11-03 00:59:44,601 INFO o.a.j.p.h.s.HTTPSamplerBase: Parser for text/vnd.wap.wml is org.apache.jmeter.protocol.http.parser.RegexpHTMLParser
2021-11-03 00:59:44,601 INFO o.a.j.p.h.s.HTTPSamplerBase: Parser for text/css is org.apache.jmeter.protocol.http.parser.CssParser
2021-11-03 00:59:44,623 INFO o.a.j.s.FileServer: Set new base='/home/marcosborges/s9c_jmeter_terraform_loadtest_provisioner/examples/basic/../plan/jmeter'
2021-11-03 01:02:13,344 ERROR o.a.j.g.a.Save: Failed to backup file: /home/marcosborges/s9c_jmeter_terraform_loadtest_provisioner/examples/basic/../plan/jmeter/basic.jmx
java.nio.file.AccessDeniedException: /opt/apache-jmeter-5.4.1/backups/basic-000001.jmx
	at sun.nio.fs.UnixException.translateToIOException(UnixException.java:90) ~[?:?]
	at sun.nio.fs.UnixException.rethrowAsIOException(UnixException.java:111) ~[?:?]
	at sun.nio.fs.UnixException.rethrowAsIOException(UnixException.java:116) ~[?:?]
	at sun.nio.fs.UnixCopyFile.copyFile(UnixCopyFile.java:246) ~[?:?]
	at sun.nio.fs.UnixCopyFile.copy(UnixCopyFile.java:601) ~[?:?]
	at sun.nio.fs.UnixFileSystemProvider.copy(UnixFileSystemProvider.java:258) ~[?:?]
	at java.nio.file.Files.copy(Files.java:1299) ~[?:?]
	at org.apache.commons.io.FileUtils.doCopyFile(FileUtils.java:1392) ~[commons-io-2.8.0.jar:2.8.0]
	at org.apache.commons.io.FileUtils.copyFile(FileUtils.java:885) ~[commons-io-2.8.0.jar:2.8.0]
	at org.apache.commons.io.FileUtils.copyFile(FileUtils.java:835) ~[commons-io-2.8.0.jar:2.8.0]
	at org.apache.commons.io.FileUtils.copyFile(FileUtils.java:802) ~[commons-io-2.8.0.jar:2.8.0]
	at org.apache.jmeter.gui.action.Save.createBackupFile(Save.java:381) ~[ApacheJMeter_core.jar:5.4.1]
	at org.apache.jmeter.gui.action.Save.backupAndSave(Save.java:244) ~[ApacheJMeter_core.jar:5.4.1]
	at org.apache.jmeter.gui.action.Save.doAction(Save.java:173) ~[ApacheJMeter_core.jar:5.4.1]
	at org.apache.jmeter.gui.action.ActionRouter.performAction(ActionRouter.java:87) ~[ApacheJMeter_core.jar:5.4.1]
	at org.apache.jmeter.gui.action.ActionRouter.lambda$actionPerformed$0(ActionRouter.java:69) ~[ApacheJMeter_core.jar:5.4.1]
	at java.awt.event.InvocationEvent.dispatch(InvocationEvent.java:316) ~[?:?]
	at java.awt.EventQueue.dispatchEventImpl(EventQueue.java:770) ~[?:?]
	at java.awt.EventQueue$4.run(EventQueue.java:721) ~[?:?]
	at java.awt.EventQueue$4.run(EventQueue.java:715) ~[?:?]
	at java.security.AccessController.doPrivileged(AccessController.java:391) [?:?]
	at java.security.ProtectionDomain$JavaSecurityAccessImpl.doIntersectionPrivilege(ProtectionDomain.java:85) [?:?]
	at java.awt.EventQueue.dispatchEvent(EventQueue.java:740) [?:?]
	at java.awt.EventDispatchThread.pumpOneEventForFilters(EventDispatchThread.java:203) [?:?]
	at java.awt.EventDispatchThread.pumpEventsForFilter(EventDispatchThread.java:124) [?:?]
	at java.awt.EventDispatchThread.pumpEventsForHierarchy(EventDispatchThread.java:113) [?:?]
	at java.awt.EventDispatchThread.pumpEvents(EventDispatchThread.java:109) [?:?]
	at java.awt.EventDispatchThread.pumpEvents(EventDispatchThread.java:101) [?:?]
	at java.awt.EventDispatchThread.run(EventDispatchThread.java:90) [?:?]
2021-11-03 01:07:14,179 ERROR o.a.j.g.a.Save: Failed to backup file: /home/marcosborges/s9c_jmeter_terraform_loadtest_provisioner/examples/basic/../plan/jmeter/basic.jmx
java.nio.file.AccessDeniedException: /opt/apache-jmeter-5.4.1/backups/basic-000001.jmx
	at sun.nio.fs.UnixException.translateToIOException(UnixException.java:90) ~[?:?]
	at sun.nio.fs.UnixException.rethrowAsIOException(UnixException.java:111) ~[?:?]
	at sun.nio.fs.UnixException.rethrowAsIOException(UnixException.java:116) ~[?:?]
	at sun.nio.fs.UnixCopyFile.copyFile(UnixCopyFile.java:246) ~[?:?]
	at sun.nio.fs.UnixCopyFile.copy(UnixCopyFile.java:601) ~[?:?]
	at sun.nio.fs.UnixFileSystemProvider.copy(UnixFileSystemProvider.java:258) ~[?:?]
	at java.nio.file.Files.copy(Files.java:1299) ~[?:?]
	at org.apache.commons.io.FileUtils.doCopyFile(FileUtils.java:1392) ~[commons-io-2.8.0.jar:2.8.0]
	at org.apache.commons.io.FileUtils.copyFile(FileUtils.java:885) ~[commons-io-2.8.0.jar:2.8.0]
	at org.apache.commons.io.FileUtils.copyFile(FileUtils.java:835) ~[commons-io-2.8.0.jar:2.8.0]
	at org.apache.commons.io.FileUtils.copyFile(FileUtils.java:802) ~[commons-io-2.8.0.jar:2.8.0]
	at org.apache.jmeter.gui.action.Save.createBackupFile(Save.java:381) ~[ApacheJMeter_core.jar:5.4.1]
	at org.apache.jmeter.gui.action.Save.backupAndSave(Save.java:244) ~[ApacheJMeter_core.jar:5.4.1]
	at org.apache.jmeter.gui.action.Save.doAction(Save.java:173) ~[ApacheJMeter_core.jar:5.4.1]
	at org.apache.jmeter.gui.action.ActionRouter.performAction(ActionRouter.java:87) ~[ApacheJMeter_core.jar:5.4.1]
	at org.apache.jmeter.gui.action.ActionRouter.lambda$actionPerformed$0(ActionRouter.java:69) ~[ApacheJMeter_core.jar:5.4.1]
	at java.awt.event.InvocationEvent.dispatch(InvocationEvent.java:316) ~[?:?]
	at java.awt.EventQueue.dispatchEventImpl(EventQueue.java:770) ~[?:?]
	at java.awt.EventQueue$4.run(EventQueue.java:721) ~[?:?]
	at java.awt.EventQueue$4.run(EventQueue.java:715) ~[?:?]
	at java.security.AccessController.doPrivileged(AccessController.java:391) [?:?]
	at java.security.ProtectionDomain$JavaSecurityAccessImpl.doIntersectionPrivilege(ProtectionDomain.java:85) [?:?]
	at java.awt.EventQueue.dispatchEvent(EventQueue.java:740) [?:?]
	at java.awt.EventDispatchThread.pumpOneEventForFilters(EventDispatchThread.java:203) [?:?]
	at java.awt.EventDispatchThread.pumpEventsForFilter(EventDispatchThread.java:124) [?:?]
	at java.awt.EventDispatchThread.pumpEventsForHierarchy(EventDispatchThread.java:113) [?:?]
	at java.awt.EventDispatchThread.pumpEvents(EventDispatchThread.java:109) [?:?]
	at java.awt.EventDispatchThread.pumpEvents(EventDispatchThread.java:101) [?:?]
	at java.awt.EventDispatchThread.run(EventDispatchThread.java:90) [?:?]
2021-11-03 01:08:53,507 ERROR o.a.j.g.a.Save: Failed to backup file: /home/marcosborges/s9c_jmeter_terraform_loadtest_provisioner/examples/basic/../plan/jmeter/basic.jmx
java.nio.file.AccessDeniedException: /opt/apache-jmeter-5.4.1/backups/basic-000001.jmx
	at sun.nio.fs.UnixException.translateToIOException(UnixException.java:90) ~[?:?]
	at sun.nio.fs.UnixException.rethrowAsIOException(UnixException.java:111) ~[?:?]
	at sun.nio.fs.UnixException.rethrowAsIOException(UnixException.java:116) ~[?:?]
	at sun.nio.fs.UnixCopyFile.copyFile(UnixCopyFile.java:246) ~[?:?]
	at sun.nio.fs.UnixCopyFile.copy(UnixCopyFile.java:601) ~[?:?]
	at sun.nio.fs.UnixFileSystemProvider.copy(UnixFileSystemProvider.java:258) ~[?:?]
	at java.nio.file.Files.copy(Files.java:1299) ~[?:?]
	at org.apache.commons.io.FileUtils.doCopyFile(FileUtils.java:1392) ~[commons-io-2.8.0.jar:2.8.0]
	at org.apache.commons.io.FileUtils.copyFile(FileUtils.java:885) ~[commons-io-2.8.0.jar:2.8.0]
	at org.apache.commons.io.FileUtils.copyFile(FileUtils.java:835) ~[commons-io-2.8.0.jar:2.8.0]
	at org.apache.commons.io.FileUtils.copyFile(FileUtils.java:802) ~[commons-io-2.8.0.jar:2.8.0]
	at org.apache.jmeter.gui.action.Save.createBackupFile(Save.java:381) ~[ApacheJMeter_core.jar:5.4.1]
	at org.apache.jmeter.gui.action.Save.backupAndSave(Save.java:244) ~[ApacheJMeter_core.jar:5.4.1]
	at org.apache.jmeter.gui.action.Save.doAction(Save.java:173) ~[ApacheJMeter_core.jar:5.4.1]
	at org.apache.jmeter.gui.action.ActionRouter.performAction(ActionRouter.java:87) ~[ApacheJMeter_core.jar:5.4.1]
	at org.apache.jmeter.gui.action.ActionRouter.lambda$actionPerformed$0(ActionRouter.java:69) ~[ApacheJMeter_core.jar:5.4.1]
	at java.awt.event.InvocationEvent.dispatch(InvocationEvent.java:316) ~[?:?]
	at java.awt.EventQueue.dispatchEventImpl(EventQueue.java:770) ~[?:?]
	at java.awt.EventQueue$4.run(EventQueue.java:721) ~[?:?]
	at java.awt.EventQueue$4.run(EventQueue.java:715) ~[?:?]
	at java.security.AccessController.doPrivileged(AccessController.java:391) [?:?]
	at java.security.ProtectionDomain$JavaSecurityAccessImpl.doIntersectionPrivilege(ProtectionDomain.java:85) [?:?]
	at java.awt.EventQueue.dispatchEvent(EventQueue.java:740) [?:?]
	at java.awt.EventDispatchThread.pumpOneEventForFilters(EventDispatchThread.java:203) [?:?]
	at java.awt.EventDispatchThread.pumpEventsForFilter(EventDispatchThread.java:124) [?:?]
	at java.awt.EventDispatchThread.pumpEventsForHierarchy(EventDispatchThread.java:113) [?:?]
	at java.awt.EventDispatchThread.pumpEvents(EventDispatchThread.java:109) [?:?]
	at java.awt.EventDispatchThread.pumpEvents(EventDispatchThread.java:101) [?:?]
	at java.awt.EventDispatchThread.run(EventDispatchThread.java:90) [?:?]
2021-11-03 01:09:18,815 INFO o.a.j.e.StandardJMeterEngine: Running the test!
2021-11-03 01:09:18,817 INFO o.a.j.s.SampleEvent: List of sample_variables: []
2021-11-03 01:09:18,818 INFO o.a.j.s.SampleEvent: List of sample_variables: []
2021-11-03 01:09:18,820 INFO o.a.j.e.u.CompoundVariable: Note: Function class names must contain the string: '.functions.'
2021-11-03 01:09:18,821 INFO o.a.j.e.u.CompoundVariable: Note: Function class names must not contain the string: '.gui.'
2021-11-03 01:09:19,236 INFO o.a.j.g.u.JMeterMenuBar: setRunning(true, *local*)
2021-11-03 01:09:19,301 INFO o.a.j.e.StandardJMeterEngine: Starting ThreadGroup: 1 : Thread Group
2021-11-03 01:09:19,301 INFO o.a.j.e.StandardJMeterEngine: Starting 20 threads for group Thread Group.
2021-11-03 01:09:19,301 INFO o.a.j.e.StandardJMeterEngine: Thread will continue on error
2021-11-03 01:09:19,302 INFO o.a.j.t.ThreadGroup: Starting thread group... number=1 threads=20 ramp-up=10 delayedStart=true
2021-11-03 01:09:19,303 INFO o.a.j.t.ThreadGroup: Started thread group number 1
2021-11-03 01:09:19,303 INFO o.a.j.e.StandardJMeterEngine: All thread groups have been started
2021-11-03 01:09:24,314 INFO o.a.j.t.JMeterThread: Thread started: Thread Group 1-1
2021-11-03 01:09:24,353 INFO o.a.j.p.h.s.HTTPHCAbstractImpl: Local host = marcosborges
2021-11-03 01:09:24,363 INFO o.a.j.p.h.s.HTTPHC4Impl: HTTP request retry count = 0
2021-11-03 01:09:24,366 INFO o.a.j.s.SampleResult: Note: Sample TimeStamps are START times
2021-11-03 01:09:24,367 INFO o.a.j.s.SampleResult: sampleresult.default.encoding is set to ISO-8859-1
2021-11-03 01:09:24,367 INFO o.a.j.s.SampleResult: sampleresult.useNanoTime=true
2021-11-03 01:09:24,367 INFO o.a.j.s.SampleResult: sampleresult.nanoThreadSleep=5000
2021-11-03 01:09:24,518 INFO o.a.j.p.h.s.h.LazyLayeredConnectionSocketFactory: Setting up HTTPS TrustAll Socket Factory
2021-11-03 01:09:24,522 INFO o.a.j.u.JsseSSLManager: Using default SSL protocol: TLS
2021-11-03 01:09:24,522 INFO o.a.j.u.JsseSSLManager: SSL session context: per-thread
2021-11-03 01:09:24,733 INFO o.a.j.u.SSLManager: JmeterKeyStore Location:  type JKS
2021-11-03 01:09:24,738 INFO o.a.j.u.SSLManager: KeyStore created OK
2021-11-03 01:09:24,738 WARN o.a.j.u.SSLManager: Keystore file not found, loading empty keystore
2021-11-03 01:09:24,841 INFO o.a.j.t.JMeterThread: Thread started: Thread Group 1-2
2021-11-03 01:09:25,369 INFO o.a.j.t.JMeterThread: Thread started: Thread Group 1-3
2021-11-03 01:09:25,753 INFO o.a.j.p.h.p.BaseParser: Created org.apache.jmeter.protocol.http.parser.LagartoBasedHtmlParser
2021-11-03 01:09:25,753 INFO o.a.j.p.h.p.BaseParser: Created org.apache.jmeter.protocol.http.parser.LagartoBasedHtmlParser
2021-11-03 01:09:25,894 INFO o.a.j.t.JMeterThread: Thread started: Thread Group 1-4
2021-11-03 01:09:26,421 INFO o.a.j.t.JMeterThread: Thread started: Thread Group 1-5
2021-11-03 01:09:26,947 INFO o.a.j.t.JMeterThread: Thread started: Thread Group 1-6
2021-11-03 01:09:27,473 INFO o.a.j.t.JMeterThread: Thread started: Thread Group 1-7
2021-11-03 01:09:28,000 INFO o.a.j.t.JMeterThread: Thread started: Thread Group 1-8
2021-11-03 01:09:28,527 INFO o.a.j.t.JMeterThread: Thread started: Thread Group 1-9
2021-11-03 01:09:29,053 INFO o.a.j.t.JMeterThread: Thread started: Thread Group 1-10
2021-11-03 01:09:29,287 INFO o.a.j.p.h.p.BaseParser: Created org.apache.jmeter.protocol.http.parser.CssParser
2021-11-03 01:09:29,287 INFO o.a.j.p.h.p.BaseParser: Created org.apache.jmeter.protocol.http.parser.CssParser
2021-11-03 01:09:29,578 INFO o.a.j.t.JMeterThread: Thread started: Thread Group 1-11
2021-11-03 01:09:29,736 WARN c.h.c.r.e.LoggingCSSParseErrorHandler: [4:136528] Unexpected rule '@charset': charset rule in the middle of the file is not allowed!
2021-11-03 01:09:29,802 WARN c.h.c.r.e.LoggingCSSParseErrorHandler: [4:218494] Unexpected rule '@charset': charset rule in the middle of the file is not allowed!
2021-11-03 01:09:29,806 WARN c.h.c.r.e.LoggingCSSParseErrorHandler: [4:221691] Unexpected rule '@charset': charset rule in the middle of the file is not allowed!
2021-11-03 01:09:29,822 WARN c.h.c.r.e.LoggingCSSParseErrorHandler: [4:238456] Unexpected rule '@charset': charset rule in the middle of the file is not allowed!
2021-11-03 01:09:29,838 WARN c.h.c.r.e.LoggingCSSParseErrorHandler: [4:258266] Unexpected rule '@charset': charset rule in the middle of the file is not allowed!
2021-11-03 01:09:29,890 WARN c.h.c.r.e.LoggingCSSParseErrorHandler: [4:306235] Unexpected rule '@charset': charset rule in the middle of the file is not allowed!
2021-11-03 01:09:29,945 WARN c.h.c.r.e.LoggingCSSParseErrorHandler: [4:368034] Unexpected rule '@charset': charset rule in the middle of the file is not allowed!
2021-11-03 01:09:29,967 WARN c.h.c.r.e.LoggingCSSParseErrorHandler: [4:386157] Unexpected rule '@charset': charset rule in the middle of the file is not allowed!
2021-11-03 01:09:30,105 INFO o.a.j.t.JMeterThread: Thread started: Thread Group 1-12
2021-11-03 01:09:30,489 WARN c.h.c.r.e.LoggingCSSParseErrorHandler: Browser compliant mode skipped CSS from [1:96727] starting at token '{' until [1:96765] to token '}' (based on com.helger.css.parser.ParseException: Encountered unexpected token: "{" <LBRACE>
    at line 1, column 96728.

Was expecting one of:

    "*"
    "."
    ":"
    ":not("
    "@bottom-center"
    "@bottom-left"
    "@bottom-left-corner"
    "@bottom-right"
    "@bottom-right-corner"
    "@charset"
    "@import"
    "@left-bottom"
    "@left-middle"
    "@left-top"
    "@media"
    "@namespace"
    "@page"
    "@right-bottom"
    "@right-middle"
    "@right-top"
    "@supports"
    "@top-center"
    "@top-left"
    "@top-left-corner"
    "@top-right"
    "@top-right-corner"
    "["
    "|"
    "}"
    <AT_UNKNOWN>
    <FONTFACE_SYM>
    <HASH>
    <IDENT>
    <KEYFRAMES_SYM>
    <PERCENTAGE>
    <S>
    <VIEWPORT_SYM>
)
2021-11-03 01:09:30,631 INFO o.a.j.t.JMeterThread: Thread started: Thread Group 1-13
2021-11-03 01:09:31,158 INFO o.a.j.t.JMeterThread: Thread started: Thread Group 1-14
2021-11-03 01:09:31,681 INFO o.a.j.t.JMeterThread: Thread started: Thread Group 1-15
2021-11-03 01:09:32,206 INFO o.a.j.t.JMeterThread: Thread started: Thread Group 1-16
2021-11-03 01:09:32,745 INFO o.a.j.t.JMeterThread: Thread started: Thread Group 1-17
2021-11-03 01:09:32,902 WARN c.h.c.r.e.LoggingCSSParseErrorHandler: Browser compliant mode skipped CSS from [1:96727] starting at token '{' until [1:96765] to token '}' (based on com.helger.css.parser.ParseException: Encountered unexpected token: "{" <LBRACE>
    at line 1, column 96728.

Was expecting one of:

    "*"
    "."
    ":"
    ":not("
    "@bottom-center"
    "@bottom-left"
    "@bottom-left-corner"
    "@bottom-right"
    "@bottom-right-corner"
    "@charset"
    "@import"
    "@left-bottom"
    "@left-middle"
    "@left-top"
    "@media"
    "@namespace"
    "@page"
    "@right-bottom"
    "@right-middle"
    "@right-top"
    "@supports"
    "@top-center"
    "@top-left"
    "@top-left-corner"
    "@top-right"
    "@top-right-corner"
    "["
    "|"
    "}"
    <AT_UNKNOWN>
    <FONTFACE_SYM>
    <HASH>
    <IDENT>
    <KEYFRAMES_SYM>
    <PERCENTAGE>
    <S>
    <VIEWPORT_SYM>
)
2021-11-03 01:09:33,266 INFO o.a.j.t.JMeterThread: Thread started: Thread Group 1-18
2021-11-03 01:09:33,785 INFO o.a.j.t.JMeterThread: Thread started: Thread Group 1-19
2021-11-03 01:09:34,304 INFO o.a.j.t.JMeterThread: Thread started: Thread Group 1-20
2021-11-03 01:09:42,304 INFO o.a.j.t.JMeterThread: Thread is done: Thread Group 1-3
2021-11-03 01:09:42,305 INFO o.a.j.t.JMeterThread: Thread finished: Thread Group 1-3
2021-11-03 01:09:42,338 INFO o.a.j.t.JMeterThread: Thread is done: Thread Group 1-1
2021-11-03 01:09:42,338 INFO o.a.j.t.JMeterThread: Thread finished: Thread Group 1-1
2021-11-03 01:09:42,340 INFO o.a.j.t.JMeterThread: Thread is done: Thread Group 1-5
2021-11-03 01:09:42,340 INFO o.a.j.t.JMeterThread: Thread finished: Thread Group 1-5
2021-11-03 01:09:42,351 INFO o.a.j.t.JMeterThread: Thread is done: Thread Group 1-4
2021-11-03 01:09:42,351 INFO o.a.j.t.JMeterThread: Thread finished: Thread Group 1-4
2021-11-03 01:09:42,581 INFO o.a.j.t.JMeterThread: Thread is done: Thread Group 1-6
2021-11-03 01:09:42,581 INFO o.a.j.t.JMeterThread: Thread finished: Thread Group 1-6
2021-11-03 01:09:42,581 INFO o.a.j.t.JMeterThread: Thread is done: Thread Group 1-2
2021-11-03 01:09:42,581 INFO o.a.j.t.JMeterThread: Thread finished: Thread Group 1-2
2021-11-03 01:09:42,901 INFO o.a.j.t.JMeterThread: Thread is done: Thread Group 1-7
2021-11-03 01:09:42,902 INFO o.a.j.t.JMeterThread: Thread finished: Thread Group 1-7
2021-11-03 01:09:43,581 INFO o.a.j.t.JMeterThread: Thread is done: Thread Group 1-8
2021-11-03 01:09:43,582 INFO o.a.j.t.JMeterThread: Thread finished: Thread Group 1-8
2021-11-03 01:09:44,696 INFO o.a.j.t.JMeterThread: Thread is done: Thread Group 1-9
2021-11-03 01:09:44,697 INFO o.a.j.t.JMeterThread: Thread finished: Thread Group 1-9
2021-11-03 01:09:45,099 INFO o.a.j.t.JMeterThread: Thread is done: Thread Group 1-11
2021-11-03 01:09:45,102 INFO o.a.j.t.JMeterThread: Thread finished: Thread Group 1-11
2021-11-03 01:09:45,107 INFO o.a.j.t.JMeterThread: Thread is done: Thread Group 1-10
2021-11-03 01:09:45,109 INFO o.a.j.t.JMeterThread: Thread finished: Thread Group 1-10
2021-11-03 01:09:45,519 INFO o.a.j.t.JMeterThread: Thread is done: Thread Group 1-12
2021-11-03 01:09:45,520 INFO o.a.j.t.JMeterThread: Thread finished: Thread Group 1-12
2021-11-03 01:09:46,150 INFO o.a.j.t.JMeterThread: Thread is done: Thread Group 1-13
2021-11-03 01:09:46,151 INFO o.a.j.t.JMeterThread: Thread finished: Thread Group 1-13
2021-11-03 01:09:46,193 INFO o.a.j.t.JMeterThread: Thread is done: Thread Group 1-14
2021-11-03 01:09:46,193 INFO o.a.j.t.JMeterThread: Thread finished: Thread Group 1-14
2021-11-03 01:09:46,845 INFO o.a.j.t.JMeterThread: Thread is done: Thread Group 1-17
2021-11-03 01:09:46,846 INFO o.a.j.t.JMeterThread: Thread is done: Thread Group 1-15
2021-11-03 01:09:46,846 INFO o.a.j.t.JMeterThread: Thread finished: Thread Group 1-17
2021-11-03 01:09:46,847 INFO o.a.j.t.JMeterThread: Thread finished: Thread Group 1-15
2021-11-03 01:09:46,971 INFO o.a.j.t.JMeterThread: Thread is done: Thread Group 1-16
2021-11-03 01:09:46,972 INFO o.a.j.t.JMeterThread: Thread finished: Thread Group 1-16
2021-11-03 01:09:47,181 INFO o.a.j.t.JMeterThread: Thread is done: Thread Group 1-18
2021-11-03 01:09:47,182 INFO o.a.j.t.JMeterThread: Thread finished: Thread Group 1-18
2021-11-03 01:09:47,479 INFO o.a.j.t.JMeterThread: Thread is done: Thread Group 1-19
2021-11-03 01:09:47,480 INFO o.a.j.t.JMeterThread: Thread finished: Thread Group 1-19
2021-11-03 01:09:47,607 INFO o.a.j.t.JMeterThread: Thread is done: Thread Group 1-20
2021-11-03 01:09:47,607 INFO o.a.j.t.JMeterThread: Thread finished: Thread Group 1-20
2021-11-03 01:09:47,611 INFO o.a.j.e.StandardJMeterEngine: Notifying test listeners of end of test
2021-11-03 01:09:47,611 INFO o.a.j.g.u.JMeterMenuBar: setRunning(false, *local*)
