2021-11-02 01:40:50,037 INFO o.a.j.u.JMeterUtils: Setting Locale to en_EN
2021-11-02 01:40:50,112 INFO o.a.j.JMeter: Loading user properties from: /opt/apache-jmeter-5.4.1/bin/user.properties
2021-11-02 01:40:50,113 INFO o.a.j.JMeter: Loading system properties from: /opt/apache-jmeter-5.4.1/bin/system.properties
2021-11-02 01:40:50,121 INFO o.a.j.JMeter: Copyright (c) 1998-2021 The Apache Software Foundation
2021-11-02 01:40:50,121 INFO o.a.j.JMeter: Version 5.4.1
2021-11-02 01:40:50,121 INFO o.a.j.JMeter: java.version=14.0.2
2021-11-02 01:40:50,122 INFO o.a.j.JMeter: java.vm.name=Java HotSpot(TM) 64-Bit Server VM
2021-11-02 01:40:50,122 INFO o.a.j.JMeter: os.name=Linux
2021-11-02 01:40:50,122 INFO o.a.j.JMeter: os.arch=amd64
2021-11-02 01:40:50,122 INFO o.a.j.JMeter: os.version=5.4.0-89-generic
2021-11-02 01:40:50,122 INFO o.a.j.JMeter: file.encoding=UTF-8
2021-11-02 01:40:50,122 INFO o.a.j.JMeter: java.awt.headless=null
2021-11-02 01:40:50,122 INFO o.a.j.JMeter: Max memory     =8589934592
2021-11-02 01:40:50,122 INFO o.a.j.JMeter: Available Processors =8
2021-11-02 01:40:50,137 INFO o.a.j.JMeter: Default Locale=English (EN)
2021-11-02 01:40:50,137 INFO o.a.j.JMeter: JMeter  Locale=English (EN)
2021-11-02 01:40:50,138 INFO o.a.j.JMeter: JMeterHome=/opt/apache-jmeter-5.4.1
2021-11-02 01:40:50,138 INFO o.a.j.JMeter: user.dir  =/home/marcosborges/s9c_jmeter_terraform_loadtest_provisioner/examples/plan/jmeter
2021-11-02 01:40:50,138 INFO o.a.j.JMeter: PWD       =/home/marcosborges/s9c_jmeter_terraform_loadtest_provisioner/examples/plan/jmeter
2021-11-02 01:40:50,138 INFO o.a.j.JMeter: IP: 127.0.1.1 Name: marcosborges FullName: marcosborges
2021-11-02 01:40:50,608 INFO o.a.j.JMeter: Setting LAF to: com.github.weisj.darklaf.DarkLaf:com.github.weisj.darklaf.theme.DarculaTheme
2021-11-02 01:40:51,694 INFO o.a.j.JMeter: Loaded icon properties from org/apache/jmeter/images/icon.properties
2021-11-02 01:40:54,107 INFO o.a.j.JMeter: Loading file: basic.jmx
2021-11-02 01:40:54,110 INFO o.a.j.s.FileServer: Default base='/home/marcosborges/s9c_jmeter_terraform_loadtest_provisioner/examples/plan/jmeter'
2021-11-02 01:40:54,111 INFO o.a.j.s.FileServer: Set new base='/home/marcosborges/s9c_jmeter_terraform_loadtest_provisioner/examples/plan/jmeter'
2021-11-02 01:40:54,305 INFO o.a.j.s.SaveService: Testplan (JMX) version: 2.2. Testlog (JTL) version: 2.2
2021-11-02 01:40:54,326 INFO o.a.j.s.SaveService: Using SaveService properties version 5.0
2021-11-02 01:40:54,328 INFO o.a.j.s.SaveService: Using SaveService properties file encoding UTF-8
2021-11-02 01:40:54,329 INFO o.a.j.s.SaveService: Loading file: basic.jmx
2021-11-02 01:40:54,358 INFO o.a.j.p.h.s.HTTPSamplerBase: Parser for text/html is org.apache.jmeter.protocol.http.parser.LagartoBasedHtmlParser
2021-11-02 01:40:54,358 INFO o.a.j.p.h.s.HTTPSamplerBase: Parser for application/xhtml+xml is org.apache.jmeter.protocol.http.parser.LagartoBasedHtmlParser
2021-11-02 01:40:54,359 INFO o.a.j.p.h.s.HTTPSamplerBase: Parser for application/xml is org.apache.jmeter.protocol.http.parser.LagartoBasedHtmlParser
2021-11-02 01:40:54,359 INFO o.a.j.p.h.s.HTTPSamplerBase: Parser for text/xml is org.apache.jmeter.protocol.http.parser.LagartoBasedHtmlParser
2021-11-02 01:40:54,359 INFO o.a.j.p.h.s.HTTPSamplerBase: Parser for text/vnd.wap.wml is org.apache.jmeter.protocol.http.parser.RegexpHTMLParser
2021-11-02 01:40:54,359 INFO o.a.j.p.h.s.HTTPSamplerBase: Parser for text/css is org.apache.jmeter.protocol.http.parser.CssParser
2021-11-02 01:40:54,386 INFO o.a.j.s.FileServer: Set new base='/home/marcosborges/s9c_jmeter_terraform_loadtest_provisioner/examples/plan/jmeter'
2021-11-02 01:41:40,188 ERROR o.a.j.g.a.Save: Failed to backup file: /home/marcosborges/s9c_jmeter_terraform_loadtest_provisioner/examples/plan/jmeter/basic.jmx
java.nio.file.AccessDeniedException: /opt/apache-jmeter-5.4.1/backups/basic-000001.jmx
	at sun.nio.fs.UnixException.translateToIOException(UnixException.java:90) ~[?:?]
	at sun.nio.fs.UnixException.rethrowAsIOException(UnixException.java:111) ~[?:?]
	at sun.nio.fs.UnixException.rethrowAsIOException(UnixException.java:116) ~[?:?]
	at sun.nio.fs.UnixCopyFile.copyFile(UnixCopyFile.java:246) ~[?:?]
	at sun.nio.fs.UnixCopyFile.copy(UnixCopyFile.java:601) ~[?:?]
	at sun.nio.fs.UnixFileSystemProvider.copy(UnixFileSystemProvider.java:258) ~[?:?]
	at java.nio.file.Files.copy(Files.java:1299) ~[?:?]
	at org.apache.commons.io.FileUtils.doCopyFile(FileUtils.java:1392) ~[commons-io-2.8.0.jar:2.8.0]
	at org.apache.commons.io.FileUtils.copyFile(FileUtils.java:885) ~[commons-io-2.8.0.jar:2.8.0]
	at org.apache.commons.io.FileUtils.copyFile(FileUtils.java:835) ~[commons-io-2.8.0.jar:2.8.0]
	at org.apache.commons.io.FileUtils.copyFile(FileUtils.java:802) ~[commons-io-2.8.0.jar:2.8.0]
	at org.apache.jmeter.gui.action.Save.createBackupFile(Save.java:381) ~[ApacheJMeter_core.jar:5.4.1]
	at org.apache.jmeter.gui.action.Save.backupAndSave(Save.java:244) ~[ApacheJMeter_core.jar:5.4.1]
	at org.apache.jmeter.gui.action.Save.doAction(Save.java:173) ~[ApacheJMeter_core.jar:5.4.1]
	at org.apache.jmeter.gui.action.ActionRouter.performAction(ActionRouter.java:87) ~[ApacheJMeter_core.jar:5.4.1]
	at org.apache.jmeter.gui.action.ActionRouter.lambda$actionPerformed$0(ActionRouter.java:69) ~[ApacheJMeter_core.jar:5.4.1]
	at java.awt.event.InvocationEvent.dispatch(InvocationEvent.java:316) ~[?:?]
	at java.awt.EventQueue.dispatchEventImpl(EventQueue.java:770) ~[?:?]
	at java.awt.EventQueue$4.run(EventQueue.java:721) ~[?:?]
	at java.awt.EventQueue$4.run(EventQueue.java:715) ~[?:?]
	at java.security.AccessController.doPrivileged(AccessController.java:391) [?:?]
	at java.security.ProtectionDomain$JavaSecurityAccessImpl.doIntersectionPrivilege(ProtectionDomain.java:85) [?:?]
	at java.awt.EventQueue.dispatchEvent(EventQueue.java:740) [?:?]
	at java.awt.EventDispatchThread.pumpOneEventForFilters(EventDispatchThread.java:203) [?:?]
	at java.awt.EventDispatchThread.pumpEventsForFilter(EventDispatchThread.java:124) [?:?]
	at java.awt.EventDispatchThread.pumpEventsForHierarchy(EventDispatchThread.java:113) [?:?]
	at java.awt.EventDispatchThread.pumpEvents(EventDispatchThread.java:109) [?:?]
	at java.awt.EventDispatchThread.pumpEvents(EventDispatchThread.java:101) [?:?]
	at java.awt.EventDispatchThread.run(EventDispatchThread.java:90) [?:?]
2021-11-02 01:42:11,478 INFO o.a.j.e.StandardJMeterEngine: Running the test!
2021-11-02 01:42:11,479 INFO o.a.j.s.SampleEvent: List of sample_variables: []
2021-11-02 01:42:11,479 INFO o.a.j.s.SampleEvent: List of sample_variables: []
2021-11-02 01:42:11,481 INFO o.a.j.e.u.CompoundVariable: Note: Function class names must contain the string: '.functions.'
2021-11-02 01:42:11,482 INFO o.a.j.e.u.CompoundVariable: Note: Function class names must not contain the string: '.gui.'
2021-11-02 01:42:11,808 INFO o.a.j.g.u.JMeterMenuBar: setRunning(true, *local*)
2021-11-02 01:42:11,861 INFO o.a.j.e.StandardJMeterEngine: Starting ThreadGroup: 1 : Thread Group
2021-11-02 01:42:11,862 INFO o.a.j.e.StandardJMeterEngine: Starting 20 threads for group Thread Group.
2021-11-02 01:42:11,862 INFO o.a.j.e.StandardJMeterEngine: Thread will continue on error
2021-11-02 01:42:11,862 INFO o.a.j.t.ThreadGroup: Starting thread group... number=1 threads=20 ramp-up=10 delayedStart=true
2021-11-02 01:42:11,863 INFO o.a.j.t.ThreadGroup: Started thread group number 1
2021-11-02 01:42:11,863 INFO o.a.j.e.StandardJMeterEngine: All thread groups have been started
2021-11-02 01:42:16,876 INFO o.a.j.t.JMeterThread: Thread started: Thread Group 1-1
2021-11-02 01:42:16,905 INFO o.a.j.p.h.s.HTTPHCAbstractImpl: Local host = marcosborges
2021-11-02 01:42:16,913 INFO o.a.j.p.h.s.HTTPHC4Impl: HTTP request retry count = 0
2021-11-02 01:42:16,915 INFO o.a.j.s.SampleResult: Note: Sample TimeStamps are START times
2021-11-02 01:42:16,915 INFO o.a.j.s.SampleResult: sampleresult.default.encoding is set to ISO-8859-1
2021-11-02 01:42:16,915 INFO o.a.j.s.SampleResult: sampleresult.useNanoTime=true
2021-11-02 01:42:16,915 INFO o.a.j.s.SampleResult: sampleresult.nanoThreadSleep=5000
2021-11-02 01:42:17,261 INFO o.a.j.p.h.s.h.LazyLayeredConnectionSocketFactory: Setting up HTTPS TrustAll Socket Factory
2021-11-02 01:42:17,265 INFO o.a.j.u.JsseSSLManager: Using default SSL protocol: TLS
2021-11-02 01:42:17,265 INFO o.a.j.u.JsseSSLManager: SSL session context: per-thread
2021-11-02 01:42:17,399 INFO o.a.j.t.JMeterThread: Thread started: Thread Group 1-2
2021-11-02 01:42:17,765 INFO o.a.j.u.SSLManager: JmeterKeyStore Location:  type JKS
2021-11-02 01:42:17,768 INFO o.a.j.u.SSLManager: KeyStore created OK
2021-11-02 01:42:17,768 WARN o.a.j.u.SSLManager: Keystore file not found, loading empty keystore
2021-11-02 01:42:17,926 INFO o.a.j.t.JMeterThread: Thread started: Thread Group 1-3
2021-11-02 01:42:18,456 INFO o.a.j.t.JMeterThread: Thread started: Thread Group 1-4
2021-11-02 01:42:18,982 INFO o.a.j.t.JMeterThread: Thread started: Thread Group 1-5
2021-11-02 01:42:19,507 INFO o.a.j.t.JMeterThread: Thread started: Thread Group 1-6
2021-11-02 01:42:20,034 INFO o.a.j.t.JMeterThread: Thread started: Thread Group 1-7
2021-11-02 01:42:20,559 INFO o.a.j.t.JMeterThread: Thread started: Thread Group 1-8
2021-11-02 01:42:21,086 INFO o.a.j.t.JMeterThread: Thread started: Thread Group 1-9
2021-11-02 01:42:21,611 INFO o.a.j.t.JMeterThread: Thread started: Thread Group 1-10
2021-11-02 01:42:22,138 INFO o.a.j.t.JMeterThread: Thread started: Thread Group 1-11
2021-11-02 01:42:22,664 INFO o.a.j.t.JMeterThread: Thread started: Thread Group 1-12
2021-11-02 01:42:23,189 INFO o.a.j.t.JMeterThread: Thread started: Thread Group 1-13
2021-11-02 01:42:23,715 INFO o.a.j.t.JMeterThread: Thread started: Thread Group 1-14
2021-11-02 01:42:24,242 INFO o.a.j.t.JMeterThread: Thread started: Thread Group 1-15
2021-11-02 01:42:24,766 INFO o.a.j.t.JMeterThread: Thread started: Thread Group 1-16
2021-11-02 01:42:25,060 INFO o.a.j.t.JMeterThread: Thread is done: Thread Group 1-5
2021-11-02 01:42:25,060 INFO o.a.j.t.JMeterThread: Thread finished: Thread Group 1-5
2021-11-02 01:42:25,185 INFO o.a.j.t.JMeterThread: Thread is done: Thread Group 1-2
2021-11-02 01:42:25,185 INFO o.a.j.t.JMeterThread: Thread finished: Thread Group 1-2
2021-11-02 01:42:25,291 INFO o.a.j.t.JMeterThread: Thread started: Thread Group 1-17
2021-11-02 01:42:25,577 INFO o.a.j.t.JMeterThread: Thread is done: Thread Group 1-6
2021-11-02 01:42:25,577 INFO o.a.j.t.JMeterThread: Thread is done: Thread Group 1-1
2021-11-02 01:42:25,577 INFO o.a.j.t.JMeterThread: Thread finished: Thread Group 1-6
2021-11-02 01:42:25,578 INFO o.a.j.t.JMeterThread: Thread finished: Thread Group 1-1
2021-11-02 01:42:25,585 INFO o.a.j.t.JMeterThread: Thread is done: Thread Group 1-7
2021-11-02 01:42:25,585 INFO o.a.j.t.JMeterThread: Thread finished: Thread Group 1-7
2021-11-02 01:42:25,700 INFO o.a.j.t.JMeterThread: Thread is done: Thread Group 1-4
2021-11-02 01:42:25,700 INFO o.a.j.t.JMeterThread: Thread finished: Thread Group 1-4
2021-11-02 01:42:25,737 INFO o.a.j.t.JMeterThread: Thread is done: Thread Group 1-8
2021-11-02 01:42:25,737 INFO o.a.j.t.JMeterThread: Thread finished: Thread Group 1-8
2021-11-02 01:42:25,799 INFO o.a.j.t.JMeterThread: Thread is done: Thread Group 1-3
2021-11-02 01:42:25,799 INFO o.a.j.t.JMeterThread: Thread finished: Thread Group 1-3
2021-11-02 01:42:25,815 INFO o.a.j.t.JMeterThread: Thread started: Thread Group 1-18
2021-11-02 01:42:25,855 INFO o.a.j.t.JMeterThread: Thread is done: Thread Group 1-9
2021-11-02 01:42:25,855 INFO o.a.j.t.JMeterThread: Thread finished: Thread Group 1-9
2021-11-02 01:42:26,341 INFO o.a.j.t.JMeterThread: Thread started: Thread Group 1-19
2021-11-02 01:42:26,343 INFO o.a.j.t.JMeterThread: Thread is done: Thread Group 1-10
2021-11-02 01:42:26,343 INFO o.a.j.t.JMeterThread: Thread finished: Thread Group 1-10
2021-11-02 01:42:26,748 INFO o.a.j.t.JMeterThread: Thread is done: Thread Group 1-11
2021-11-02 01:42:26,748 INFO o.a.j.t.JMeterThread: Thread finished: Thread Group 1-11
2021-11-02 01:42:26,865 INFO o.a.j.t.JMeterThread: Thread started: Thread Group 1-20
2021-11-02 01:42:27,290 INFO o.a.j.t.JMeterThread: Thread is done: Thread Group 1-13
2021-11-02 01:42:27,290 INFO o.a.j.t.JMeterThread: Thread finished: Thread Group 1-13
2021-11-02 01:42:27,304 INFO o.a.j.t.JMeterThread: Thread is done: Thread Group 1-14
2021-11-02 01:42:27,304 INFO o.a.j.t.JMeterThread: Thread finished: Thread Group 1-14
2021-11-02 01:42:27,413 INFO o.a.j.t.JMeterThread: Thread is done: Thread Group 1-12
2021-11-02 01:42:27,413 INFO o.a.j.t.JMeterThread: Thread finished: Thread Group 1-12
2021-11-02 01:42:27,810 INFO o.a.j.t.JMeterThread: Thread is done: Thread Group 1-16
2021-11-02 01:42:27,810 INFO o.a.j.t.JMeterThread: Thread finished: Thread Group 1-16
2021-11-02 01:42:28,116 INFO o.a.j.t.JMeterThread: Thread is done: Thread Group 1-17
2021-11-02 01:42:28,116 INFO o.a.j.t.JMeterThread: Thread finished: Thread Group 1-17
2021-11-02 01:42:28,454 INFO o.a.j.t.JMeterThread: Thread is done: Thread Group 1-15
2021-11-02 01:42:28,454 INFO o.a.j.t.JMeterThread: Thread finished: Thread Group 1-15
2021-11-02 01:42:28,503 INFO o.a.j.t.JMeterThread: Thread is done: Thread Group 1-18
2021-11-02 01:42:28,504 INFO o.a.j.t.JMeterThread: Thread finished: Thread Group 1-18
2021-11-02 01:42:28,952 INFO o.a.j.t.JMeterThread: Thread is done: Thread Group 1-19
2021-11-02 01:42:28,952 INFO o.a.j.t.JMeterThread: Thread finished: Thread Group 1-19
2021-11-02 01:42:29,640 INFO o.a.j.t.JMeterThread: Thread is done: Thread Group 1-20
2021-11-02 01:42:29,640 INFO o.a.j.t.JMeterThread: Thread finished: Thread Group 1-20
2021-11-02 01:42:29,644 INFO o.a.j.e.StandardJMeterEngine: Notifying test listeners of end of test
2021-11-02 01:42:29,646 INFO o.a.j.g.u.JMeterMenuBar: setRunning(false, *local*)
